<?xml version="1.0" encoding="UTF-8"?>
<coverage generated="1622669162616" clover="3.2.0">
  <project timestamp="1622669162616" name="All files">
    <metrics statements="100" coveredstatements="70" conditionals="52" coveredconditionals="20" methods="34" coveredmethods="18" elements="186" coveredelements="108" complexity="0" loc="100" ncloc="100" packages="1" files="1" classes="1"/>
    <file name="index.js" path="/home/ddever/local/JavaScript/f0/src/index.js">
      <metrics statements="100" coveredstatements="70" conditionals="52" coveredconditionals="20" methods="34" coveredmethods="18"/>
      <line num="3" count="1" type="stmt"/>
      <line num="4" count="1" type="stmt"/>
      <line num="6" count="18" type="cond" truecount="1" falsecount="1"/>
      <line num="7" count="0" type="cond" truecount="0" falsecount="2"/>
      <line num="8" count="0" type="stmt"/>
      <line num="9" count="0" type="stmt"/>
      <line num="12" count="18" type="stmt"/>
      <line num="14" count="18" type="stmt"/>
      <line num="21" count="1" type="stmt"/>
      <line num="22" count="18" type="stmt"/>
      <line num="34" count="1" type="stmt"/>
      <line num="35" count="18" type="stmt"/>
      <line num="49" count="1" type="stmt"/>
      <line num="50" count="18" type="stmt"/>
      <line num="57" count="1" type="stmt"/>
      <line num="58" count="0" type="stmt"/>
      <line num="65" count="1" type="stmt"/>
      <line num="66" count="17" type="cond" truecount="1" falsecount="1"/>
      <line num="67" count="0" type="stmt"/>
      <line num="70" count="17" type="stmt"/>
      <line num="77" count="1" type="stmt"/>
      <line num="78" count="17" type="stmt"/>
      <line num="79" count="17" type="stmt"/>
      <line num="86" count="1" type="stmt"/>
      <line num="87" count="10" type="cond" truecount="2" falsecount="0"/>
      <line num="88" count="4" type="stmt"/>
      <line num="95" count="1" type="stmt"/>
      <line num="96" count="17" type="cond" truecount="1" falsecount="1"/>
      <line num="97" count="0" type="stmt"/>
      <line num="98" count="17" type="cond" truecount="1" falsecount="1"/>
      <line num="99" count="0" type="stmt"/>
      <line num="100" count="17" type="cond" truecount="1" falsecount="1"/>
      <line num="101" count="0" type="stmt"/>
      <line num="102" count="17" type="cond" truecount="1" falsecount="1"/>
      <line num="103" count="0" type="stmt"/>
      <line num="111" count="1" type="stmt"/>
      <line num="112" count="6" type="stmt"/>
      <line num="113" count="6" type="stmt"/>
      <line num="114" count="6" type="stmt"/>
      <line num="115" count="6" type="stmt"/>
      <line num="124" count="1" type="stmt"/>
      <line num="125" count="5" type="stmt"/>
      <line num="126" count="5" type="stmt"/>
      <line num="127" count="5" type="stmt"/>
      <line num="128" count="5" type="stmt"/>
      <line num="129" count="5" type="stmt"/>
      <line num="138" count="1" type="stmt"/>
      <line num="139" count="5" type="stmt"/>
      <line num="140" count="5" type="stmt"/>
      <line num="141" count="5" type="stmt"/>
      <line num="142" count="5" type="stmt"/>
      <line num="143" count="5" type="stmt"/>
      <line num="151" count="1" type="stmt"/>
      <line num="152" count="1" type="stmt"/>
      <line num="153" count="1" type="stmt"/>
      <line num="154" count="1" type="stmt"/>
      <line num="155" count="1" type="stmt"/>
      <line num="164" count="1" type="stmt"/>
      <line num="165" count="0" type="stmt"/>
      <line num="166" count="0" type="stmt"/>
      <line num="167" count="0" type="stmt"/>
      <line num="168" count="0" type="stmt"/>
      <line num="169" count="0" type="stmt"/>
      <line num="177" count="1" type="stmt"/>
      <line num="178" count="0" type="stmt"/>
      <line num="179" count="0" type="stmt"/>
      <line num="180" count="0" type="stmt"/>
      <line num="186" count="1" type="stmt"/>
      <line num="187" count="17" type="stmt"/>
      <line num="188" count="17" type="stmt"/>
      <line num="195" count="1" type="stmt"/>
      <line num="196" count="17" type="stmt"/>
      <line num="198" count="17" type="cond" truecount="3" falsecount="1"/>
      <line num="199" count="0" type="stmt"/>
      <line num="200" count="0" type="stmt"/>
      <line num="201" count="0" type="stmt"/>
      <line num="202" count="17" type="stmt"/>
      <line num="209" count="1" type="stmt"/>
      <line num="210" count="3" type="stmt"/>
      <line num="212" count="3" type="cond" truecount="3" falsecount="1"/>
      <line num="219" count="1" type="stmt"/>
      <line num="220" count="5" type="stmt"/>
      <line num="222" count="5" type="cond" truecount="3" falsecount="1"/>
      <line num="223" count="0" type="cond" truecount="0" falsecount="4"/>
      <line num="224" count="0" type="stmt"/>
      <line num="231" count="1" type="stmt"/>
      <line num="232" count="1" type="stmt"/>
      <line num="234" count="1" type="cond" truecount="3" falsecount="5"/>
      <line num="242" count="1" type="stmt"/>
      <line num="243" count="0" type="stmt"/>
      <line num="245" count="0" type="cond" truecount="0" falsecount="4"/>
      <line num="247" count="0" type="cond" truecount="0" falsecount="6"/>
      <line num="248" count="0" type="stmt"/>
      <line num="249" count="0" type="stmt"/>
      <line num="256" count="1" type="stmt"/>
      <line num="257" count="0" type="cond" truecount="0" falsecount="2"/>
      <line num="258" count="0" type="stmt"/>
      <line num="259" count="0" type="stmt"/>
      <line num="261" count="1" type="stmt"/>
      <line num="263" count="1" type="stmt"/>
    </file>
  </project>
</coverage>
