<?xml version="1.0" encoding="UTF-8"?>
<coverage generated="1622667027222" clover="3.2.0">
  <project timestamp="1622667027222" name="All files">
    <metrics statements="101" coveredstatements="72" conditionals="52" coveredconditionals="20" methods="33" coveredmethods="18" elements="186" coveredelements="110" complexity="0" loc="101" ncloc="101" packages="1" files="1" classes="1"/>
    <file name="index.js" path="/home/ddever/local/JavaScript/f0/src/index.js">
      <metrics statements="101" coveredstatements="72" conditionals="52" coveredconditionals="20" methods="33" coveredmethods="18"/>
      <line num="2" count="1" type="stmt"/>
      <line num="3" count="1" type="stmt"/>
      <line num="5" count="1" type="stmt"/>
      <line num="6" count="1" type="stmt"/>
      <line num="8" count="18" type="cond" truecount="1" falsecount="1"/>
      <line num="9" count="0" type="cond" truecount="0" falsecount="2"/>
      <line num="10" count="0" type="stmt"/>
      <line num="11" count="0" type="stmt"/>
      <line num="14" count="18" type="stmt"/>
      <line num="16" count="18" type="stmt"/>
      <line num="23" count="1" type="stmt"/>
      <line num="24" count="18" type="stmt"/>
      <line num="36" count="1" type="stmt"/>
      <line num="37" count="18" type="stmt"/>
      <line num="51" count="1" type="stmt"/>
      <line num="52" count="18" type="stmt"/>
      <line num="59" count="1" type="stmt"/>
      <line num="60" count="17" type="cond" truecount="1" falsecount="1"/>
      <line num="61" count="0" type="stmt"/>
      <line num="64" count="17" type="stmt"/>
      <line num="71" count="1" type="stmt"/>
      <line num="72" count="17" type="stmt"/>
      <line num="73" count="17" type="stmt"/>
      <line num="80" count="1" type="stmt"/>
      <line num="81" count="10" type="cond" truecount="2" falsecount="0"/>
      <line num="82" count="4" type="stmt"/>
      <line num="89" count="1" type="stmt"/>
      <line num="90" count="17" type="cond" truecount="1" falsecount="1"/>
      <line num="91" count="0" type="stmt"/>
      <line num="92" count="17" type="cond" truecount="1" falsecount="1"/>
      <line num="93" count="0" type="stmt"/>
      <line num="94" count="17" type="cond" truecount="1" falsecount="1"/>
      <line num="95" count="0" type="stmt"/>
      <line num="96" count="17" type="cond" truecount="1" falsecount="1"/>
      <line num="97" count="0" type="stmt"/>
      <line num="105" count="1" type="stmt"/>
      <line num="106" count="6" type="stmt"/>
      <line num="107" count="6" type="stmt"/>
      <line num="108" count="6" type="stmt"/>
      <line num="109" count="6" type="stmt"/>
      <line num="118" count="1" type="stmt"/>
      <line num="119" count="5" type="stmt"/>
      <line num="120" count="5" type="stmt"/>
      <line num="121" count="5" type="stmt"/>
      <line num="122" count="5" type="stmt"/>
      <line num="123" count="5" type="stmt"/>
      <line num="132" count="1" type="stmt"/>
      <line num="133" count="5" type="stmt"/>
      <line num="134" count="5" type="stmt"/>
      <line num="135" count="5" type="stmt"/>
      <line num="136" count="5" type="stmt"/>
      <line num="137" count="5" type="stmt"/>
      <line num="145" count="1" type="stmt"/>
      <line num="146" count="1" type="stmt"/>
      <line num="147" count="1" type="stmt"/>
      <line num="148" count="1" type="stmt"/>
      <line num="149" count="1" type="stmt"/>
      <line num="158" count="1" type="stmt"/>
      <line num="159" count="0" type="stmt"/>
      <line num="160" count="0" type="stmt"/>
      <line num="161" count="0" type="stmt"/>
      <line num="162" count="0" type="stmt"/>
      <line num="163" count="0" type="stmt"/>
      <line num="171" count="1" type="stmt"/>
      <line num="172" count="0" type="stmt"/>
      <line num="173" count="0" type="stmt"/>
      <line num="174" count="0" type="stmt"/>
      <line num="180" count="1" type="stmt"/>
      <line num="181" count="17" type="stmt"/>
      <line num="182" count="17" type="stmt"/>
      <line num="189" count="1" type="stmt"/>
      <line num="190" count="17" type="stmt"/>
      <line num="192" count="17" type="cond" truecount="3" falsecount="1"/>
      <line num="193" count="0" type="stmt"/>
      <line num="194" count="0" type="stmt"/>
      <line num="195" count="0" type="stmt"/>
      <line num="196" count="17" type="stmt"/>
      <line num="203" count="1" type="stmt"/>
      <line num="204" count="3" type="stmt"/>
      <line num="206" count="3" type="cond" truecount="3" falsecount="1"/>
      <line num="213" count="1" type="stmt"/>
      <line num="214" count="5" type="stmt"/>
      <line num="216" count="5" type="cond" truecount="3" falsecount="1"/>
      <line num="217" count="0" type="cond" truecount="0" falsecount="4"/>
      <line num="218" count="0" type="stmt"/>
      <line num="225" count="1" type="stmt"/>
      <line num="226" count="1" type="stmt"/>
      <line num="228" count="1" type="cond" truecount="3" falsecount="5"/>
      <line num="236" count="1" type="stmt"/>
      <line num="237" count="0" type="stmt"/>
      <line num="239" count="0" type="cond" truecount="0" falsecount="4"/>
      <line num="241" count="0" type="cond" truecount="0" falsecount="6"/>
      <line num="242" count="0" type="stmt"/>
      <line num="243" count="0" type="stmt"/>
      <line num="250" count="1" type="stmt"/>
      <line num="251" count="0" type="cond" truecount="0" falsecount="2"/>
      <line num="252" count="0" type="stmt"/>
      <line num="253" count="0" type="stmt"/>
      <line num="255" count="1" type="stmt"/>
      <line num="257" count="1" type="stmt"/>
      <line num="258" count="1" type="stmt"/>
    </file>
  </project>
</coverage>
