{"/home/ddever/local/JavaScript/f0/src/index.js": {"path":"/home/ddever/local/JavaScript/f0/src/index.js","statementMap":{"0":{"start":{"line":3,"column":12},"end":{"line":3,"column":33}},"1":{"start":{"line":4,"column":24},"end":{"line":262,"column":3}},"2":{"start":{"line":6,"column":8},"end":{"line":13,"column":9}},"3":{"start":{"line":7,"column":12},"end":{"line":8,"column":49}},"4":{"start":{"line":8,"column":16},"end":{"line":8,"column":49}},"5":{"start":{"line":9,"column":12},"end":{"line":9,"column":31}},"6":{"start":{"line":12,"column":12},"end":{"line":12,"column":43}},"7":{"start":{"line":14,"column":8},"end":{"line":14,"column":49}},"8":{"start":{"line":21,"column":4},"end":{"line":27,"column":6}},"9":{"start":{"line":22,"column":8},"end":{"line":26,"column":10}},"10":{"start":{"line":34,"column":4},"end":{"line":43,"column":6}},"11":{"start":{"line":35,"column":8},"end":{"line":42,"column":10}},"12":{"start":{"line":49,"column":4},"end":{"line":51,"column":6}},"13":{"start":{"line":50,"column":8},"end":{"line":50,"column":40}},"14":{"start":{"line":57,"column":4},"end":{"line":59,"column":6}},"15":{"start":{"line":58,"column":8},"end":{"line":58,"column":62}},"16":{"start":{"line":65,"column":4},"end":{"line":72,"column":6}},"17":{"start":{"line":66,"column":8},"end":{"line":71,"column":9}},"18":{"start":{"line":67,"column":12},"end":{"line":67,"column":39}},"19":{"start":{"line":70,"column":12},"end":{"line":70,"column":44}},"20":{"start":{"line":77,"column":4},"end":{"line":80,"column":6}},"21":{"start":{"line":78,"column":8},"end":{"line":78,"column":44}},"22":{"start":{"line":79,"column":8},"end":{"line":79,"column":29}},"23":{"start":{"line":86,"column":4},"end":{"line":90,"column":6}},"24":{"start":{"line":87,"column":8},"end":{"line":89,"column":9}},"25":{"start":{"line":88,"column":12},"end":{"line":88,"column":44}},"26":{"start":{"line":95,"column":4},"end":{"line":104,"column":6}},"27":{"start":{"line":96,"column":8},"end":{"line":97,"column":44}},"28":{"start":{"line":97,"column":12},"end":{"line":97,"column":44}},"29":{"start":{"line":98,"column":8},"end":{"line":99,"column":30}},"30":{"start":{"line":99,"column":12},"end":{"line":99,"column":30}},"31":{"start":{"line":100,"column":8},"end":{"line":101,"column":33}},"32":{"start":{"line":101,"column":12},"end":{"line":101,"column":33}},"33":{"start":{"line":102,"column":8},"end":{"line":103,"column":33}},"34":{"start":{"line":103,"column":12},"end":{"line":103,"column":33}},"35":{"start":{"line":111,"column":4},"end":{"line":116,"column":6}},"36":{"start":{"line":112,"column":8},"end":{"line":112,"column":21}},"37":{"start":{"line":113,"column":8},"end":{"line":113,"column":35}},"38":{"start":{"line":114,"column":8},"end":{"line":114,"column":30}},"39":{"start":{"line":115,"column":8},"end":{"line":115,"column":34}},"40":{"start":{"line":124,"column":4},"end":{"line":130,"column":6}},"41":{"start":{"line":125,"column":8},"end":{"line":125,"column":21}},"42":{"start":{"line":126,"column":8},"end":{"line":126,"column":35}},"43":{"start":{"line":127,"column":8},"end":{"line":127,"column":27}},"44":{"start":{"line":128,"column":8},"end":{"line":128,"column":31}},"45":{"start":{"line":129,"column":8},"end":{"line":129,"column":34}},"46":{"start":{"line":138,"column":4},"end":{"line":144,"column":6}},"47":{"start":{"line":139,"column":8},"end":{"line":139,"column":21}},"48":{"start":{"line":140,"column":8},"end":{"line":140,"column":35}},"49":{"start":{"line":141,"column":8},"end":{"line":141,"column":27}},"50":{"start":{"line":142,"column":8},"end":{"line":142,"column":30}},"51":{"start":{"line":143,"column":8},"end":{"line":143,"column":34}},"52":{"start":{"line":151,"column":4},"end":{"line":156,"column":6}},"53":{"start":{"line":152,"column":8},"end":{"line":152,"column":21}},"54":{"start":{"line":153,"column":8},"end":{"line":153,"column":35}},"55":{"start":{"line":154,"column":8},"end":{"line":154,"column":33}},"56":{"start":{"line":155,"column":8},"end":{"line":155,"column":34}},"57":{"start":{"line":164,"column":4},"end":{"line":170,"column":6}},"58":{"start":{"line":165,"column":8},"end":{"line":165,"column":21}},"59":{"start":{"line":166,"column":8},"end":{"line":166,"column":35}},"60":{"start":{"line":167,"column":8},"end":{"line":167,"column":27}},"61":{"start":{"line":168,"column":8},"end":{"line":168,"column":32}},"62":{"start":{"line":169,"column":8},"end":{"line":169,"column":34}},"63":{"start":{"line":177,"column":4},"end":{"line":181,"column":6}},"64":{"start":{"line":178,"column":8},"end":{"line":178,"column":21}},"65":{"start":{"line":179,"column":8},"end":{"line":179,"column":34}},"66":{"start":{"line":180,"column":8},"end":{"line":180,"column":34}},"67":{"start":{"line":186,"column":4},"end":{"line":189,"column":6}},"68":{"start":{"line":187,"column":8},"end":{"line":187,"column":93}},"69":{"start":{"line":188,"column":8},"end":{"line":188,"column":30}},"70":{"start":{"line":195,"column":4},"end":{"line":203,"column":6}},"71":{"start":{"line":196,"column":20},"end":{"line":196,"column":24}},"72":{"start":{"line":198,"column":8},"end":{"line":201,"column":69}},"73":{"start":{"line":199,"column":12},"end":{"line":199,"column":31}},"74":{"start":{"line":200,"column":12},"end":{"line":200,"column":34}},"75":{"start":{"line":201,"column":31},"end":{"line":201,"column":65}},"76":{"start":{"line":202,"column":8},"end":{"line":202,"column":20}},"77":{"start":{"line":209,"column":4},"end":{"line":213,"column":6}},"78":{"start":{"line":210,"column":20},"end":{"line":210,"column":24}},"79":{"start":{"line":212,"column":8},"end":{"line":212,"column":152}},"80":{"start":{"line":212,"column":92},"end":{"line":212,"column":114}},"81":{"start":{"line":212,"column":139},"end":{"line":212,"column":148}},"82":{"start":{"line":219,"column":4},"end":{"line":225,"column":6}},"83":{"start":{"line":220,"column":20},"end":{"line":220,"column":24}},"84":{"start":{"line":222,"column":8},"end":{"line":224,"column":147}},"85":{"start":{"line":223,"column":12},"end":{"line":223,"column":66}},"86":{"start":{"line":224,"column":31},"end":{"line":224,"column":57}},"87":{"start":{"line":224,"column":80},"end":{"line":224,"column":102}},"88":{"start":{"line":224,"column":126},"end":{"line":224,"column":143}},"89":{"start":{"line":231,"column":4},"end":{"line":235,"column":6}},"90":{"start":{"line":232,"column":20},"end":{"line":232,"column":24}},"91":{"start":{"line":234,"column":8},"end":{"line":234,"column":221}},"92":{"start":{"line":234,"column":100},"end":{"line":234,"column":176}},"93":{"start":{"line":234,"column":200},"end":{"line":234,"column":217}},"94":{"start":{"line":242,"column":4},"end":{"line":251,"column":6}},"95":{"start":{"line":243,"column":20},"end":{"line":243,"column":24}},"96":{"start":{"line":245,"column":8},"end":{"line":250,"column":11}},"97":{"start":{"line":247,"column":12},"end":{"line":248,"column":36}},"98":{"start":{"line":248,"column":16},"end":{"line":248,"column":36}},"99":{"start":{"line":249,"column":12},"end":{"line":249,"column":24}},"100":{"start":{"line":256,"column":4},"end":{"line":260,"column":6}},"101":{"start":{"line":257,"column":8},"end":{"line":258,"column":25}},"102":{"start":{"line":258,"column":12},"end":{"line":258,"column":25}},"103":{"start":{"line":259,"column":8},"end":{"line":259,"column":32}},"104":{"start":{"line":261,"column":4},"end":{"line":261,"column":14}},"105":{"start":{"line":263,"column":0},"end":{"line":263,"column":20}}},"fnMap":{"0":{"name":"(anonymous_0)","decl":{"start":{"line":4,"column":24},"end":{"line":4,"column":25}},"loc":{"start":{"line":4,"column":36},"end":{"line":262,"column":1}},"line":4},"1":{"name":"F0","decl":{"start":{"line":5,"column":13},"end":{"line":5,"column":15}},"loc":{"start":{"line":5,"column":22},"end":{"line":15,"column":5}},"line":5},"2":{"name":"(anonymous_2)","decl":{"start":{"line":21,"column":29},"end":{"line":21,"column":30}},"loc":{"start":{"line":21,"column":41},"end":{"line":27,"column":5}},"line":21},"3":{"name":"(anonymous_3)","decl":{"start":{"line":34,"column":30},"end":{"line":34,"column":31}},"loc":{"start":{"line":34,"column":42},"end":{"line":43,"column":5}},"line":34},"4":{"name":"(anonymous_4)","decl":{"start":{"line":49,"column":27},"end":{"line":49,"column":28}},"loc":{"start":{"line":49,"column":47},"end":{"line":51,"column":5}},"line":49},"5":{"name":"(anonymous_5)","decl":{"start":{"line":57,"column":29},"end":{"line":57,"column":30}},"loc":{"start":{"line":57,"column":64},"end":{"line":59,"column":5}},"line":57},"6":{"name":"(anonymous_6)","decl":{"start":{"line":65,"column":31},"end":{"line":65,"column":32}},"loc":{"start":{"line":65,"column":51},"end":{"line":72,"column":5}},"line":65},"7":{"name":"(anonymous_7)","decl":{"start":{"line":77,"column":29},"end":{"line":77,"column":30}},"loc":{"start":{"line":77,"column":47},"end":{"line":80,"column":5}},"line":77},"8":{"name":"(anonymous_8)","decl":{"start":{"line":86,"column":27},"end":{"line":86,"column":28}},"loc":{"start":{"line":86,"column":43},"end":{"line":90,"column":5}},"line":86},"9":{"name":"(anonymous_9)","decl":{"start":{"line":95,"column":25},"end":{"line":95,"column":26}},"loc":{"start":{"line":95,"column":37},"end":{"line":104,"column":5}},"line":95},"10":{"name":"(anonymous_10)","decl":{"start":{"line":111,"column":23},"end":{"line":111,"column":24}},"loc":{"start":{"line":111,"column":43},"end":{"line":116,"column":5}},"line":111},"11":{"name":"(anonymous_11)","decl":{"start":{"line":124,"column":24},"end":{"line":124,"column":25}},"loc":{"start":{"line":124,"column":50},"end":{"line":130,"column":5}},"line":124},"12":{"name":"(anonymous_12)","decl":{"start":{"line":138,"column":23},"end":{"line":138,"column":24}},"loc":{"start":{"line":138,"column":49},"end":{"line":144,"column":5}},"line":138},"13":{"name":"(anonymous_13)","decl":{"start":{"line":151,"column":26},"end":{"line":151,"column":27}},"loc":{"start":{"line":151,"column":46},"end":{"line":156,"column":5}},"line":151},"14":{"name":"(anonymous_14)","decl":{"start":{"line":164,"column":25},"end":{"line":164,"column":26}},"loc":{"start":{"line":164,"column":51},"end":{"line":170,"column":5}},"line":164},"15":{"name":"(anonymous_15)","decl":{"start":{"line":177,"column":27},"end":{"line":177,"column":28}},"loc":{"start":{"line":177,"column":47},"end":{"line":181,"column":5}},"line":177},"16":{"name":"(anonymous_16)","decl":{"start":{"line":186,"column":31},"end":{"line":186,"column":32}},"loc":{"start":{"line":186,"column":43},"end":{"line":189,"column":5}},"line":186},"17":{"name":"(anonymous_17)","decl":{"start":{"line":195,"column":27},"end":{"line":195,"column":28}},"loc":{"start":{"line":195,"column":39},"end":{"line":203,"column":5}},"line":195},"18":{"name":"(anonymous_18)","decl":{"start":{"line":198,"column":84},"end":{"line":198,"column":85}},"loc":{"start":{"line":198,"column":97},"end":{"line":201,"column":9}},"line":198},"19":{"name":"(anonymous_19)","decl":{"start":{"line":201,"column":17},"end":{"line":201,"column":18}},"loc":{"start":{"line":201,"column":29},"end":{"line":201,"column":67}},"line":201},"20":{"name":"(anonymous_20)","decl":{"start":{"line":209,"column":23},"end":{"line":209,"column":24}},"loc":{"start":{"line":209,"column":35},"end":{"line":213,"column":5}},"line":209},"21":{"name":"(anonymous_21)","decl":{"start":{"line":212,"column":78},"end":{"line":212,"column":79}},"loc":{"start":{"line":212,"column":90},"end":{"line":212,"column":116}},"line":212},"22":{"name":"(anonymous_22)","decl":{"start":{"line":212,"column":124},"end":{"line":212,"column":125}},"loc":{"start":{"line":212,"column":137},"end":{"line":212,"column":150}},"line":212},"23":{"name":"(anonymous_23)","decl":{"start":{"line":219,"column":24},"end":{"line":219,"column":25}},"loc":{"start":{"line":219,"column":36},"end":{"line":225,"column":5}},"line":219},"24":{"name":"(anonymous_24)","decl":{"start":{"line":222,"column":78},"end":{"line":222,"column":79}},"loc":{"start":{"line":222,"column":91},"end":{"line":224,"column":9}},"line":222},"25":{"name":"(anonymous_25)","decl":{"start":{"line":224,"column":16},"end":{"line":224,"column":17}},"loc":{"start":{"line":224,"column":29},"end":{"line":224,"column":59}},"line":224},"26":{"name":"(anonymous_26)","decl":{"start":{"line":224,"column":66},"end":{"line":224,"column":67}},"loc":{"start":{"line":224,"column":78},"end":{"line":224,"column":104}},"line":224},"27":{"name":"(anonymous_27)","decl":{"start":{"line":224,"column":112},"end":{"line":224,"column":113}},"loc":{"start":{"line":224,"column":124},"end":{"line":224,"column":145}},"line":224},"28":{"name":"(anonymous_28)","decl":{"start":{"line":231,"column":26},"end":{"line":231,"column":27}},"loc":{"start":{"line":231,"column":38},"end":{"line":235,"column":5}},"line":231},"29":{"name":"(anonymous_29)","decl":{"start":{"line":234,"column":78},"end":{"line":234,"column":79}},"loc":{"start":{"line":234,"column":90},"end":{"line":234,"column":178}},"line":234},"30":{"name":"(anonymous_30)","decl":{"start":{"line":234,"column":186},"end":{"line":234,"column":187}},"loc":{"start":{"line":234,"column":198},"end":{"line":234,"column":219}},"line":234},"31":{"name":"(anonymous_31)","decl":{"start":{"line":242,"column":29},"end":{"line":242,"column":30}},"loc":{"start":{"line":242,"column":45},"end":{"line":251,"column":5}},"line":242},"32":{"name":"(anonymous_32)","decl":{"start":{"line":245,"column":78},"end":{"line":245,"column":79}},"loc":{"start":{"line":245,"column":90},"end":{"line":250,"column":9}},"line":245},"33":{"name":"(anonymous_33)","decl":{"start":{"line":256,"column":22},"end":{"line":256,"column":23}},"loc":{"start":{"line":256,"column":34},"end":{"line":260,"column":5}},"line":256}},"branchMap":{"0":{"loc":{"start":{"line":6,"column":8},"end":{"line":13,"column":9}},"type":"if","locations":[{"start":{"line":6,"column":8},"end":{"line":13,"column":9}},{"start":{"line":6,"column":8},"end":{"line":13,"column":9}}],"line":6},"1":{"loc":{"start":{"line":7,"column":12},"end":{"line":8,"column":49}},"type":"if","locations":[{"start":{"line":7,"column":12},"end":{"line":8,"column":49}},{"start":{"line":7,"column":12},"end":{"line":8,"column":49}}],"line":7},"2":{"loc":{"start":{"line":66,"column":8},"end":{"line":71,"column":9}},"type":"if","locations":[{"start":{"line":66,"column":8},"end":{"line":71,"column":9}},{"start":{"line":66,"column":8},"end":{"line":71,"column":9}}],"line":66},"3":{"loc":{"start":{"line":87,"column":8},"end":{"line":89,"column":9}},"type":"if","locations":[{"start":{"line":87,"column":8},"end":{"line":89,"column":9}},{"start":{"line":87,"column":8},"end":{"line":89,"column":9}}],"line":87},"4":{"loc":{"start":{"line":96,"column":8},"end":{"line":97,"column":44}},"type":"if","locations":[{"start":{"line":96,"column":8},"end":{"line":97,"column":44}},{"start":{"line":96,"column":8},"end":{"line":97,"column":44}}],"line":96},"5":{"loc":{"start":{"line":98,"column":8},"end":{"line":99,"column":30}},"type":"if","locations":[{"start":{"line":98,"column":8},"end":{"line":99,"column":30}},{"start":{"line":98,"column":8},"end":{"line":99,"column":30}}],"line":98},"6":{"loc":{"start":{"line":100,"column":8},"end":{"line":101,"column":33}},"type":"if","locations":[{"start":{"line":100,"column":8},"end":{"line":101,"column":33}},{"start":{"line":100,"column":8},"end":{"line":101,"column":33}}],"line":100},"7":{"loc":{"start":{"line":102,"column":8},"end":{"line":103,"column":33}},"type":"if","locations":[{"start":{"line":102,"column":8},"end":{"line":103,"column":33}},{"start":{"line":102,"column":8},"end":{"line":103,"column":33}}],"line":102},"8":{"loc":{"start":{"line":198,"column":21},"end":{"line":201,"column":68}},"type":"cond-expr","locations":[{"start":{"line":198,"column":67},"end":{"line":198,"column":73}},{"start":{"line":198,"column":76},"end":{"line":201,"column":68}}],"line":198},"9":{"loc":{"start":{"line":198,"column":21},"end":{"line":198,"column":64}},"type":"binary-expr","locations":[{"start":{"line":198,"column":21},"end":{"line":198,"column":47}},{"start":{"line":198,"column":51},"end":{"line":198,"column":64}}],"line":198},"10":{"loc":{"start":{"line":212,"column":15},"end":{"line":212,"column":151}},"type":"cond-expr","locations":[{"start":{"line":212,"column":61},"end":{"line":212,"column":67}},{"start":{"line":212,"column":70},"end":{"line":212,"column":151}}],"line":212},"11":{"loc":{"start":{"line":212,"column":15},"end":{"line":212,"column":58}},"type":"binary-expr","locations":[{"start":{"line":212,"column":15},"end":{"line":212,"column":41}},{"start":{"line":212,"column":45},"end":{"line":212,"column":58}}],"line":212},"12":{"loc":{"start":{"line":222,"column":15},"end":{"line":224,"column":146}},"type":"cond-expr","locations":[{"start":{"line":222,"column":61},"end":{"line":222,"column":67}},{"start":{"line":222,"column":70},"end":{"line":224,"column":146}}],"line":222},"13":{"loc":{"start":{"line":222,"column":15},"end":{"line":222,"column":58}},"type":"binary-expr","locations":[{"start":{"line":222,"column":15},"end":{"line":222,"column":41}},{"start":{"line":222,"column":45},"end":{"line":222,"column":58}}],"line":222},"14":{"loc":{"start":{"line":223,"column":19},"end":{"line":223,"column":65}},"type":"cond-expr","locations":[{"start":{"line":223,"column":48},"end":{"line":223,"column":54}},{"start":{"line":223,"column":57},"end":{"line":223,"column":65}}],"line":223},"15":{"loc":{"start":{"line":223,"column":19},"end":{"line":223,"column":45}},"type":"binary-expr","locations":[{"start":{"line":223,"column":19},"end":{"line":223,"column":29}},{"start":{"line":223,"column":33},"end":{"line":223,"column":45}}],"line":223},"16":{"loc":{"start":{"line":234,"column":15},"end":{"line":234,"column":220}},"type":"cond-expr","locations":[{"start":{"line":234,"column":61},"end":{"line":234,"column":67}},{"start":{"line":234,"column":70},"end":{"line":234,"column":220}}],"line":234},"17":{"loc":{"start":{"line":234,"column":15},"end":{"line":234,"column":58}},"type":"binary-expr","locations":[{"start":{"line":234,"column":15},"end":{"line":234,"column":41}},{"start":{"line":234,"column":45},"end":{"line":234,"column":58}}],"line":234},"18":{"loc":{"start":{"line":234,"column":107},"end":{"line":234,"column":175}},"type":"cond-expr","locations":[{"start":{"line":234,"column":157},"end":{"line":234,"column":163}},{"start":{"line":234,"column":166},"end":{"line":234,"column":175}}],"line":234},"19":{"loc":{"start":{"line":234,"column":107},"end":{"line":234,"column":154}},"type":"binary-expr","locations":[{"start":{"line":234,"column":107},"end":{"line":234,"column":137}},{"start":{"line":234,"column":141},"end":{"line":234,"column":154}}],"line":234},"20":{"loc":{"start":{"line":245,"column":15},"end":{"line":250,"column":10}},"type":"cond-expr","locations":[{"start":{"line":245,"column":61},"end":{"line":245,"column":67}},{"start":{"line":245,"column":70},"end":{"line":250,"column":10}}],"line":245},"21":{"loc":{"start":{"line":245,"column":15},"end":{"line":245,"column":58}},"type":"binary-expr","locations":[{"start":{"line":245,"column":15},"end":{"line":245,"column":41}},{"start":{"line":245,"column":45},"end":{"line":245,"column":58}}],"line":245},"22":{"loc":{"start":{"line":247,"column":12},"end":{"line":248,"column":36}},"type":"if","locations":[{"start":{"line":247,"column":12},"end":{"line":248,"column":36}},{"start":{"line":247,"column":12},"end":{"line":248,"column":36}}],"line":247},"23":{"loc":{"start":{"line":247,"column":17},"end":{"line":247,"column":85}},"type":"cond-expr","locations":[{"start":{"line":247,"column":67},"end":{"line":247,"column":73}},{"start":{"line":247,"column":76},"end":{"line":247,"column":85}}],"line":247},"24":{"loc":{"start":{"line":247,"column":17},"end":{"line":247,"column":64}},"type":"binary-expr","locations":[{"start":{"line":247,"column":17},"end":{"line":247,"column":47}},{"start":{"line":247,"column":51},"end":{"line":247,"column":64}}],"line":247},"25":{"loc":{"start":{"line":257,"column":8},"end":{"line":258,"column":25}},"type":"if","locations":[{"start":{"line":257,"column":8},"end":{"line":258,"column":25}},{"start":{"line":257,"column":8},"end":{"line":258,"column":25}}],"line":257}},"s":{"0":1,"1":1,"2":18,"3":0,"4":0,"5":0,"6":18,"7":18,"8":1,"9":18,"10":1,"11":18,"12":1,"13":18,"14":1,"15":0,"16":1,"17":17,"18":0,"19":17,"20":1,"21":17,"22":17,"23":1,"24":10,"25":4,"26":1,"27":17,"28":0,"29":17,"30":0,"31":17,"32":0,"33":17,"34":0,"35":1,"36":6,"37":6,"38":6,"39":6,"40":1,"41":5,"42":5,"43":5,"44":5,"45":5,"46":1,"47":5,"48":5,"49":5,"50":5,"51":5,"52":1,"53":1,"54":1,"55":1,"56":1,"57":1,"58":0,"59":0,"60":0,"61":0,"62":0,"63":1,"64":0,"65":0,"66":0,"67":1,"68":17,"69":17,"70":1,"71":17,"72":17,"73":0,"74":0,"75":0,"76":17,"77":1,"78":3,"79":3,"80":0,"81":0,"82":1,"83":5,"84":5,"85":0,"86":0,"87":0,"88":0,"89":1,"90":1,"91":1,"92":0,"93":0,"94":1,"95":0,"96":0,"97":0,"98":0,"99":0,"100":1,"101":0,"102":0,"103":0,"104":1,"105":1},"f":{"0":1,"1":18,"2":18,"3":18,"4":18,"5":0,"6":17,"7":17,"8":10,"9":17,"10":6,"11":5,"12":5,"13":1,"14":0,"15":0,"16":17,"17":17,"18":0,"19":0,"20":3,"21":0,"22":0,"23":5,"24":0,"25":0,"26":0,"27":0,"28":1,"29":0,"30":0,"31":0,"32":0,"33":0},"b":{"0":[0,18],"1":[0,0],"2":[0,17],"3":[4,6],"4":[0,17],"5":[0,17],"6":[0,17],"7":[0,17],"8":[0,17],"9":[17,17],"10":[0,3],"11":[3,3],"12":[0,5],"13":[5,5],"14":[0,0],"15":[0,0],"16":[0,1],"17":[1,1],"18":[0,0],"19":[0,0],"20":[0,0],"21":[0,0],"22":[0,0],"23":[0,0],"24":[0,0],"25":[0,0]},"inputSourceMap":null,"_coverageSchema":"1a1c01bbd47fc00a2c39e90264f33305004495a9","hash":"59795313ed546a339c1a64c2bf415cd7a9922d74"}
}
