{"/home/ddever/local/JavaScript/f0/src/index.js": {"path":"/home/ddever/local/JavaScript/f0/src/index.js","statementMap":{"0":{"start":{"line":2,"column":0},"end":{"line":2,"column":62}},"1":{"start":{"line":3,"column":0},"end":{"line":3,"column":20}},"2":{"start":{"line":5,"column":12},"end":{"line":5,"column":33}},"3":{"start":{"line":6,"column":24},"end":{"line":256,"column":3}},"4":{"start":{"line":8,"column":8},"end":{"line":15,"column":9}},"5":{"start":{"line":9,"column":12},"end":{"line":10,"column":49}},"6":{"start":{"line":10,"column":16},"end":{"line":10,"column":49}},"7":{"start":{"line":11,"column":12},"end":{"line":11,"column":31}},"8":{"start":{"line":14,"column":12},"end":{"line":14,"column":43}},"9":{"start":{"line":16,"column":8},"end":{"line":16,"column":49}},"10":{"start":{"line":23,"column":4},"end":{"line":29,"column":6}},"11":{"start":{"line":24,"column":8},"end":{"line":28,"column":10}},"12":{"start":{"line":36,"column":4},"end":{"line":45,"column":6}},"13":{"start":{"line":37,"column":8},"end":{"line":44,"column":10}},"14":{"start":{"line":51,"column":4},"end":{"line":53,"column":6}},"15":{"start":{"line":52,"column":8},"end":{"line":52,"column":40}},"16":{"start":{"line":59,"column":4},"end":{"line":66,"column":6}},"17":{"start":{"line":60,"column":8},"end":{"line":65,"column":9}},"18":{"start":{"line":61,"column":12},"end":{"line":61,"column":39}},"19":{"start":{"line":64,"column":12},"end":{"line":64,"column":44}},"20":{"start":{"line":71,"column":4},"end":{"line":74,"column":6}},"21":{"start":{"line":72,"column":8},"end":{"line":72,"column":44}},"22":{"start":{"line":73,"column":8},"end":{"line":73,"column":29}},"23":{"start":{"line":80,"column":4},"end":{"line":84,"column":6}},"24":{"start":{"line":81,"column":8},"end":{"line":83,"column":9}},"25":{"start":{"line":82,"column":12},"end":{"line":82,"column":44}},"26":{"start":{"line":89,"column":4},"end":{"line":98,"column":6}},"27":{"start":{"line":90,"column":8},"end":{"line":91,"column":44}},"28":{"start":{"line":91,"column":12},"end":{"line":91,"column":44}},"29":{"start":{"line":92,"column":8},"end":{"line":93,"column":30}},"30":{"start":{"line":93,"column":12},"end":{"line":93,"column":30}},"31":{"start":{"line":94,"column":8},"end":{"line":95,"column":33}},"32":{"start":{"line":95,"column":12},"end":{"line":95,"column":33}},"33":{"start":{"line":96,"column":8},"end":{"line":97,"column":33}},"34":{"start":{"line":97,"column":12},"end":{"line":97,"column":33}},"35":{"start":{"line":105,"column":4},"end":{"line":110,"column":6}},"36":{"start":{"line":106,"column":8},"end":{"line":106,"column":21}},"37":{"start":{"line":107,"column":8},"end":{"line":107,"column":35}},"38":{"start":{"line":108,"column":8},"end":{"line":108,"column":30}},"39":{"start":{"line":109,"column":8},"end":{"line":109,"column":34}},"40":{"start":{"line":118,"column":4},"end":{"line":124,"column":6}},"41":{"start":{"line":119,"column":8},"end":{"line":119,"column":21}},"42":{"start":{"line":120,"column":8},"end":{"line":120,"column":35}},"43":{"start":{"line":121,"column":8},"end":{"line":121,"column":27}},"44":{"start":{"line":122,"column":8},"end":{"line":122,"column":31}},"45":{"start":{"line":123,"column":8},"end":{"line":123,"column":34}},"46":{"start":{"line":132,"column":4},"end":{"line":138,"column":6}},"47":{"start":{"line":133,"column":8},"end":{"line":133,"column":21}},"48":{"start":{"line":134,"column":8},"end":{"line":134,"column":35}},"49":{"start":{"line":135,"column":8},"end":{"line":135,"column":27}},"50":{"start":{"line":136,"column":8},"end":{"line":136,"column":30}},"51":{"start":{"line":137,"column":8},"end":{"line":137,"column":34}},"52":{"start":{"line":145,"column":4},"end":{"line":150,"column":6}},"53":{"start":{"line":146,"column":8},"end":{"line":146,"column":21}},"54":{"start":{"line":147,"column":8},"end":{"line":147,"column":35}},"55":{"start":{"line":148,"column":8},"end":{"line":148,"column":33}},"56":{"start":{"line":149,"column":8},"end":{"line":149,"column":34}},"57":{"start":{"line":158,"column":4},"end":{"line":164,"column":6}},"58":{"start":{"line":159,"column":8},"end":{"line":159,"column":21}},"59":{"start":{"line":160,"column":8},"end":{"line":160,"column":35}},"60":{"start":{"line":161,"column":8},"end":{"line":161,"column":27}},"61":{"start":{"line":162,"column":8},"end":{"line":162,"column":32}},"62":{"start":{"line":163,"column":8},"end":{"line":163,"column":34}},"63":{"start":{"line":171,"column":4},"end":{"line":175,"column":6}},"64":{"start":{"line":172,"column":8},"end":{"line":172,"column":21}},"65":{"start":{"line":173,"column":8},"end":{"line":173,"column":34}},"66":{"start":{"line":174,"column":8},"end":{"line":174,"column":34}},"67":{"start":{"line":180,"column":4},"end":{"line":183,"column":6}},"68":{"start":{"line":181,"column":8},"end":{"line":181,"column":93}},"69":{"start":{"line":182,"column":8},"end":{"line":182,"column":30}},"70":{"start":{"line":189,"column":4},"end":{"line":197,"column":6}},"71":{"start":{"line":190,"column":20},"end":{"line":190,"column":24}},"72":{"start":{"line":192,"column":8},"end":{"line":195,"column":69}},"73":{"start":{"line":193,"column":12},"end":{"line":193,"column":31}},"74":{"start":{"line":194,"column":12},"end":{"line":194,"column":34}},"75":{"start":{"line":195,"column":31},"end":{"line":195,"column":65}},"76":{"start":{"line":196,"column":8},"end":{"line":196,"column":20}},"77":{"start":{"line":203,"column":4},"end":{"line":207,"column":6}},"78":{"start":{"line":204,"column":20},"end":{"line":204,"column":24}},"79":{"start":{"line":206,"column":8},"end":{"line":206,"column":152}},"80":{"start":{"line":206,"column":92},"end":{"line":206,"column":114}},"81":{"start":{"line":206,"column":139},"end":{"line":206,"column":148}},"82":{"start":{"line":213,"column":4},"end":{"line":219,"column":6}},"83":{"start":{"line":214,"column":20},"end":{"line":214,"column":24}},"84":{"start":{"line":216,"column":8},"end":{"line":218,"column":147}},"85":{"start":{"line":217,"column":12},"end":{"line":217,"column":66}},"86":{"start":{"line":218,"column":31},"end":{"line":218,"column":57}},"87":{"start":{"line":218,"column":80},"end":{"line":218,"column":102}},"88":{"start":{"line":218,"column":126},"end":{"line":218,"column":143}},"89":{"start":{"line":225,"column":4},"end":{"line":229,"column":6}},"90":{"start":{"line":226,"column":20},"end":{"line":226,"column":24}},"91":{"start":{"line":228,"column":8},"end":{"line":228,"column":221}},"92":{"start":{"line":228,"column":100},"end":{"line":228,"column":176}},"93":{"start":{"line":228,"column":200},"end":{"line":228,"column":217}},"94":{"start":{"line":236,"column":4},"end":{"line":245,"column":6}},"95":{"start":{"line":237,"column":20},"end":{"line":237,"column":24}},"96":{"start":{"line":239,"column":8},"end":{"line":244,"column":11}},"97":{"start":{"line":241,"column":12},"end":{"line":242,"column":36}},"98":{"start":{"line":242,"column":16},"end":{"line":242,"column":36}},"99":{"start":{"line":243,"column":12},"end":{"line":243,"column":24}},"100":{"start":{"line":250,"column":4},"end":{"line":254,"column":6}},"101":{"start":{"line":251,"column":8},"end":{"line":252,"column":25}},"102":{"start":{"line":252,"column":12},"end":{"line":252,"column":25}},"103":{"start":{"line":253,"column":8},"end":{"line":253,"column":32}},"104":{"start":{"line":255,"column":4},"end":{"line":255,"column":14}},"105":{"start":{"line":257,"column":0},"end":{"line":257,"column":16}},"106":{"start":{"line":258,"column":0},"end":{"line":258,"column":20}}},"fnMap":{"0":{"name":"(anonymous_0)","decl":{"start":{"line":6,"column":24},"end":{"line":6,"column":25}},"loc":{"start":{"line":6,"column":36},"end":{"line":256,"column":1}},"line":6},"1":{"name":"F0","decl":{"start":{"line":7,"column":13},"end":{"line":7,"column":15}},"loc":{"start":{"line":7,"column":22},"end":{"line":17,"column":5}},"line":7},"2":{"name":"(anonymous_2)","decl":{"start":{"line":23,"column":29},"end":{"line":23,"column":30}},"loc":{"start":{"line":23,"column":41},"end":{"line":29,"column":5}},"line":23},"3":{"name":"(anonymous_3)","decl":{"start":{"line":36,"column":30},"end":{"line":36,"column":31}},"loc":{"start":{"line":36,"column":42},"end":{"line":45,"column":5}},"line":36},"4":{"name":"(anonymous_4)","decl":{"start":{"line":51,"column":27},"end":{"line":51,"column":28}},"loc":{"start":{"line":51,"column":47},"end":{"line":53,"column":5}},"line":51},"5":{"name":"(anonymous_5)","decl":{"start":{"line":59,"column":31},"end":{"line":59,"column":32}},"loc":{"start":{"line":59,"column":51},"end":{"line":66,"column":5}},"line":59},"6":{"name":"(anonymous_6)","decl":{"start":{"line":71,"column":29},"end":{"line":71,"column":30}},"loc":{"start":{"line":71,"column":47},"end":{"line":74,"column":5}},"line":71},"7":{"name":"(anonymous_7)","decl":{"start":{"line":80,"column":27},"end":{"line":80,"column":28}},"loc":{"start":{"line":80,"column":43},"end":{"line":84,"column":5}},"line":80},"8":{"name":"(anonymous_8)","decl":{"start":{"line":89,"column":25},"end":{"line":89,"column":26}},"loc":{"start":{"line":89,"column":37},"end":{"line":98,"column":5}},"line":89},"9":{"name":"(anonymous_9)","decl":{"start":{"line":105,"column":23},"end":{"line":105,"column":24}},"loc":{"start":{"line":105,"column":43},"end":{"line":110,"column":5}},"line":105},"10":{"name":"(anonymous_10)","decl":{"start":{"line":118,"column":24},"end":{"line":118,"column":25}},"loc":{"start":{"line":118,"column":50},"end":{"line":124,"column":5}},"line":118},"11":{"name":"(anonymous_11)","decl":{"start":{"line":132,"column":23},"end":{"line":132,"column":24}},"loc":{"start":{"line":132,"column":49},"end":{"line":138,"column":5}},"line":132},"12":{"name":"(anonymous_12)","decl":{"start":{"line":145,"column":26},"end":{"line":145,"column":27}},"loc":{"start":{"line":145,"column":46},"end":{"line":150,"column":5}},"line":145},"13":{"name":"(anonymous_13)","decl":{"start":{"line":158,"column":25},"end":{"line":158,"column":26}},"loc":{"start":{"line":158,"column":51},"end":{"line":164,"column":5}},"line":158},"14":{"name":"(anonymous_14)","decl":{"start":{"line":171,"column":27},"end":{"line":171,"column":28}},"loc":{"start":{"line":171,"column":47},"end":{"line":175,"column":5}},"line":171},"15":{"name":"(anonymous_15)","decl":{"start":{"line":180,"column":31},"end":{"line":180,"column":32}},"loc":{"start":{"line":180,"column":43},"end":{"line":183,"column":5}},"line":180},"16":{"name":"(anonymous_16)","decl":{"start":{"line":189,"column":27},"end":{"line":189,"column":28}},"loc":{"start":{"line":189,"column":39},"end":{"line":197,"column":5}},"line":189},"17":{"name":"(anonymous_17)","decl":{"start":{"line":192,"column":84},"end":{"line":192,"column":85}},"loc":{"start":{"line":192,"column":97},"end":{"line":195,"column":9}},"line":192},"18":{"name":"(anonymous_18)","decl":{"start":{"line":195,"column":17},"end":{"line":195,"column":18}},"loc":{"start":{"line":195,"column":29},"end":{"line":195,"column":67}},"line":195},"19":{"name":"(anonymous_19)","decl":{"start":{"line":203,"column":23},"end":{"line":203,"column":24}},"loc":{"start":{"line":203,"column":35},"end":{"line":207,"column":5}},"line":203},"20":{"name":"(anonymous_20)","decl":{"start":{"line":206,"column":78},"end":{"line":206,"column":79}},"loc":{"start":{"line":206,"column":90},"end":{"line":206,"column":116}},"line":206},"21":{"name":"(anonymous_21)","decl":{"start":{"line":206,"column":124},"end":{"line":206,"column":125}},"loc":{"start":{"line":206,"column":137},"end":{"line":206,"column":150}},"line":206},"22":{"name":"(anonymous_22)","decl":{"start":{"line":213,"column":24},"end":{"line":213,"column":25}},"loc":{"start":{"line":213,"column":36},"end":{"line":219,"column":5}},"line":213},"23":{"name":"(anonymous_23)","decl":{"start":{"line":216,"column":78},"end":{"line":216,"column":79}},"loc":{"start":{"line":216,"column":91},"end":{"line":218,"column":9}},"line":216},"24":{"name":"(anonymous_24)","decl":{"start":{"line":218,"column":16},"end":{"line":218,"column":17}},"loc":{"start":{"line":218,"column":29},"end":{"line":218,"column":59}},"line":218},"25":{"name":"(anonymous_25)","decl":{"start":{"line":218,"column":66},"end":{"line":218,"column":67}},"loc":{"start":{"line":218,"column":78},"end":{"line":218,"column":104}},"line":218},"26":{"name":"(anonymous_26)","decl":{"start":{"line":218,"column":112},"end":{"line":218,"column":113}},"loc":{"start":{"line":218,"column":124},"end":{"line":218,"column":145}},"line":218},"27":{"name":"(anonymous_27)","decl":{"start":{"line":225,"column":26},"end":{"line":225,"column":27}},"loc":{"start":{"line":225,"column":38},"end":{"line":229,"column":5}},"line":225},"28":{"name":"(anonymous_28)","decl":{"start":{"line":228,"column":78},"end":{"line":228,"column":79}},"loc":{"start":{"line":228,"column":90},"end":{"line":228,"column":178}},"line":228},"29":{"name":"(anonymous_29)","decl":{"start":{"line":228,"column":186},"end":{"line":228,"column":187}},"loc":{"start":{"line":228,"column":198},"end":{"line":228,"column":219}},"line":228},"30":{"name":"(anonymous_30)","decl":{"start":{"line":236,"column":29},"end":{"line":236,"column":30}},"loc":{"start":{"line":236,"column":45},"end":{"line":245,"column":5}},"line":236},"31":{"name":"(anonymous_31)","decl":{"start":{"line":239,"column":78},"end":{"line":239,"column":79}},"loc":{"start":{"line":239,"column":90},"end":{"line":244,"column":9}},"line":239},"32":{"name":"(anonymous_32)","decl":{"start":{"line":250,"column":22},"end":{"line":250,"column":23}},"loc":{"start":{"line":250,"column":34},"end":{"line":254,"column":5}},"line":250}},"branchMap":{"0":{"loc":{"start":{"line":8,"column":8},"end":{"line":15,"column":9}},"type":"if","locations":[{"start":{"line":8,"column":8},"end":{"line":15,"column":9}},{"start":{"line":8,"column":8},"end":{"line":15,"column":9}}],"line":8},"1":{"loc":{"start":{"line":9,"column":12},"end":{"line":10,"column":49}},"type":"if","locations":[{"start":{"line":9,"column":12},"end":{"line":10,"column":49}},{"start":{"line":9,"column":12},"end":{"line":10,"column":49}}],"line":9},"2":{"loc":{"start":{"line":60,"column":8},"end":{"line":65,"column":9}},"type":"if","locations":[{"start":{"line":60,"column":8},"end":{"line":65,"column":9}},{"start":{"line":60,"column":8},"end":{"line":65,"column":9}}],"line":60},"3":{"loc":{"start":{"line":81,"column":8},"end":{"line":83,"column":9}},"type":"if","locations":[{"start":{"line":81,"column":8},"end":{"line":83,"column":9}},{"start":{"line":81,"column":8},"end":{"line":83,"column":9}}],"line":81},"4":{"loc":{"start":{"line":90,"column":8},"end":{"line":91,"column":44}},"type":"if","locations":[{"start":{"line":90,"column":8},"end":{"line":91,"column":44}},{"start":{"line":90,"column":8},"end":{"line":91,"column":44}}],"line":90},"5":{"loc":{"start":{"line":92,"column":8},"end":{"line":93,"column":30}},"type":"if","locations":[{"start":{"line":92,"column":8},"end":{"line":93,"column":30}},{"start":{"line":92,"column":8},"end":{"line":93,"column":30}}],"line":92},"6":{"loc":{"start":{"line":94,"column":8},"end":{"line":95,"column":33}},"type":"if","locations":[{"start":{"line":94,"column":8},"end":{"line":95,"column":33}},{"start":{"line":94,"column":8},"end":{"line":95,"column":33}}],"line":94},"7":{"loc":{"start":{"line":96,"column":8},"end":{"line":97,"column":33}},"type":"if","locations":[{"start":{"line":96,"column":8},"end":{"line":97,"column":33}},{"start":{"line":96,"column":8},"end":{"line":97,"column":33}}],"line":96},"8":{"loc":{"start":{"line":192,"column":21},"end":{"line":195,"column":68}},"type":"cond-expr","locations":[{"start":{"line":192,"column":67},"end":{"line":192,"column":73}},{"start":{"line":192,"column":76},"end":{"line":195,"column":68}}],"line":192},"9":{"loc":{"start":{"line":192,"column":21},"end":{"line":192,"column":64}},"type":"binary-expr","locations":[{"start":{"line":192,"column":21},"end":{"line":192,"column":47}},{"start":{"line":192,"column":51},"end":{"line":192,"column":64}}],"line":192},"10":{"loc":{"start":{"line":206,"column":15},"end":{"line":206,"column":151}},"type":"cond-expr","locations":[{"start":{"line":206,"column":61},"end":{"line":206,"column":67}},{"start":{"line":206,"column":70},"end":{"line":206,"column":151}}],"line":206},"11":{"loc":{"start":{"line":206,"column":15},"end":{"line":206,"column":58}},"type":"binary-expr","locations":[{"start":{"line":206,"column":15},"end":{"line":206,"column":41}},{"start":{"line":206,"column":45},"end":{"line":206,"column":58}}],"line":206},"12":{"loc":{"start":{"line":216,"column":15},"end":{"line":218,"column":146}},"type":"cond-expr","locations":[{"start":{"line":216,"column":61},"end":{"line":216,"column":67}},{"start":{"line":216,"column":70},"end":{"line":218,"column":146}}],"line":216},"13":{"loc":{"start":{"line":216,"column":15},"end":{"line":216,"column":58}},"type":"binary-expr","locations":[{"start":{"line":216,"column":15},"end":{"line":216,"column":41}},{"start":{"line":216,"column":45},"end":{"line":216,"column":58}}],"line":216},"14":{"loc":{"start":{"line":217,"column":19},"end":{"line":217,"column":65}},"type":"cond-expr","locations":[{"start":{"line":217,"column":48},"end":{"line":217,"column":54}},{"start":{"line":217,"column":57},"end":{"line":217,"column":65}}],"line":217},"15":{"loc":{"start":{"line":217,"column":19},"end":{"line":217,"column":45}},"type":"binary-expr","locations":[{"start":{"line":217,"column":19},"end":{"line":217,"column":29}},{"start":{"line":217,"column":33},"end":{"line":217,"column":45}}],"line":217},"16":{"loc":{"start":{"line":228,"column":15},"end":{"line":228,"column":220}},"type":"cond-expr","locations":[{"start":{"line":228,"column":61},"end":{"line":228,"column":67}},{"start":{"line":228,"column":70},"end":{"line":228,"column":220}}],"line":228},"17":{"loc":{"start":{"line":228,"column":15},"end":{"line":228,"column":58}},"type":"binary-expr","locations":[{"start":{"line":228,"column":15},"end":{"line":228,"column":41}},{"start":{"line":228,"column":45},"end":{"line":228,"column":58}}],"line":228},"18":{"loc":{"start":{"line":228,"column":107},"end":{"line":228,"column":175}},"type":"cond-expr","locations":[{"start":{"line":228,"column":157},"end":{"line":228,"column":163}},{"start":{"line":228,"column":166},"end":{"line":228,"column":175}}],"line":228},"19":{"loc":{"start":{"line":228,"column":107},"end":{"line":228,"column":154}},"type":"binary-expr","locations":[{"start":{"line":228,"column":107},"end":{"line":228,"column":137}},{"start":{"line":228,"column":141},"end":{"line":228,"column":154}}],"line":228},"20":{"loc":{"start":{"line":239,"column":15},"end":{"line":244,"column":10}},"type":"cond-expr","locations":[{"start":{"line":239,"column":61},"end":{"line":239,"column":67}},{"start":{"line":239,"column":70},"end":{"line":244,"column":10}}],"line":239},"21":{"loc":{"start":{"line":239,"column":15},"end":{"line":239,"column":58}},"type":"binary-expr","locations":[{"start":{"line":239,"column":15},"end":{"line":239,"column":41}},{"start":{"line":239,"column":45},"end":{"line":239,"column":58}}],"line":239},"22":{"loc":{"start":{"line":241,"column":12},"end":{"line":242,"column":36}},"type":"if","locations":[{"start":{"line":241,"column":12},"end":{"line":242,"column":36}},{"start":{"line":241,"column":12},"end":{"line":242,"column":36}}],"line":241},"23":{"loc":{"start":{"line":241,"column":17},"end":{"line":241,"column":85}},"type":"cond-expr","locations":[{"start":{"line":241,"column":67},"end":{"line":241,"column":73}},{"start":{"line":241,"column":76},"end":{"line":241,"column":85}}],"line":241},"24":{"loc":{"start":{"line":241,"column":17},"end":{"line":241,"column":64}},"type":"binary-expr","locations":[{"start":{"line":241,"column":17},"end":{"line":241,"column":47}},{"start":{"line":241,"column":51},"end":{"line":241,"column":64}}],"line":241},"25":{"loc":{"start":{"line":251,"column":8},"end":{"line":252,"column":25}},"type":"if","locations":[{"start":{"line":251,"column":8},"end":{"line":252,"column":25}},{"start":{"line":251,"column":8},"end":{"line":252,"column":25}}],"line":251}},"s":{"0":1,"1":1,"2":1,"3":1,"4":18,"5":0,"6":0,"7":0,"8":18,"9":18,"10":1,"11":18,"12":1,"13":18,"14":1,"15":18,"16":1,"17":17,"18":0,"19":17,"20":1,"21":17,"22":17,"23":1,"24":10,"25":4,"26":1,"27":17,"28":0,"29":17,"30":0,"31":17,"32":0,"33":17,"34":0,"35":1,"36":6,"37":6,"38":6,"39":6,"40":1,"41":5,"42":5,"43":5,"44":5,"45":5,"46":1,"47":5,"48":5,"49":5,"50":5,"51":5,"52":1,"53":1,"54":1,"55":1,"56":1,"57":1,"58":0,"59":0,"60":0,"61":0,"62":0,"63":1,"64":0,"65":0,"66":0,"67":1,"68":17,"69":17,"70":1,"71":17,"72":17,"73":0,"74":0,"75":0,"76":17,"77":1,"78":3,"79":3,"80":0,"81":0,"82":1,"83":5,"84":5,"85":0,"86":0,"87":0,"88":0,"89":1,"90":1,"91":1,"92":0,"93":0,"94":1,"95":0,"96":0,"97":0,"98":0,"99":0,"100":1,"101":0,"102":0,"103":0,"104":1,"105":1,"106":1},"f":{"0":1,"1":18,"2":18,"3":18,"4":18,"5":17,"6":17,"7":10,"8":17,"9":6,"10":5,"11":5,"12":1,"13":0,"14":0,"15":17,"16":17,"17":0,"18":0,"19":3,"20":0,"21":0,"22":5,"23":0,"24":0,"25":0,"26":0,"27":1,"28":0,"29":0,"30":0,"31":0,"32":0},"b":{"0":[0,18],"1":[0,0],"2":[0,17],"3":[4,6],"4":[0,17],"5":[0,17],"6":[0,17],"7":[0,17],"8":[0,17],"9":[17,17],"10":[0,3],"11":[3,3],"12":[0,5],"13":[5,5],"14":[0,0],"15":[0,0],"16":[0,1],"17":[1,1],"18":[0,0],"19":[0,0],"20":[0,0],"21":[0,0],"22":[0,0],"23":[0,0],"24":[0,0],"25":[0,0]},"inputSourceMap":null,"_coverageSchema":"1a1c01bbd47fc00a2c39e90264f33305004495a9","hash":"b12c49a92625fc4b683ed0744bbf908dfaf2b203"}
}
