TN:
SF:src/index.js
FN:6,(anonymous_0)
FN:7,F0
FN:23,(anonymous_2)
FN:36,(anonymous_3)
FN:51,(anonymous_4)
FN:59,(anonymous_5)
FN:71,(anonymous_6)
FN:80,(anonymous_7)
FN:89,(anonymous_8)
FN:105,(anonymous_9)
FN:118,(anonymous_10)
FN:132,(anonymous_11)
FN:145,(anonymous_12)
FN:158,(anonymous_13)
FN:171,(anonymous_14)
FN:180,(anonymous_15)
FN:189,(anonymous_16)
FN:192,(anonymous_17)
FN:195,(anonymous_18)
FN:203,(anonymous_19)
FN:206,(anonymous_20)
FN:206,(anonymous_21)
FN:213,(anonymous_22)
FN:216,(anonymous_23)
FN:218,(anonymous_24)
FN:218,(anonymous_25)
FN:218,(anonymous_26)
FN:225,(anonymous_27)
FN:228,(anonymous_28)
FN:228,(anonymous_29)
FN:236,(anonymous_30)
FN:239,(anonymous_31)
FN:250,(anonymous_32)
FNF:33
FNH:18
FNDA:1,(anonymous_0)
FNDA:18,F0
FNDA:18,(anonymous_2)
FNDA:18,(anonymous_3)
FNDA:18,(anonymous_4)
FNDA:17,(anonymous_5)
FNDA:17,(anonymous_6)
FNDA:10,(anonymous_7)
FNDA:17,(anonymous_8)
FNDA:6,(anonymous_9)
FNDA:5,(anonymous_10)
FNDA:5,(anonymous_11)
FNDA:1,(anonymous_12)
FNDA:0,(anonymous_13)
FNDA:0,(anonymous_14)
FNDA:17,(anonymous_15)
FNDA:17,(anonymous_16)
FNDA:0,(anonymous_17)
FNDA:0,(anonymous_18)
FNDA:3,(anonymous_19)
FNDA:0,(anonymous_20)
FNDA:0,(anonymous_21)
FNDA:5,(anonymous_22)
FNDA:0,(anonymous_23)
FNDA:0,(anonymous_24)
FNDA:0,(anonymous_25)
FNDA:0,(anonymous_26)
FNDA:1,(anonymous_27)
FNDA:0,(anonymous_28)
FNDA:0,(anonymous_29)
FNDA:0,(anonymous_30)
FNDA:0,(anonymous_31)
FNDA:0,(anonymous_32)
DA:2,1
DA:3,1
DA:5,1
DA:6,1
DA:8,18
DA:9,0
DA:10,0
DA:11,0
DA:14,18
DA:16,18
DA:23,1
DA:24,18
DA:36,1
DA:37,18
DA:51,1
DA:52,18
DA:59,1
DA:60,17
DA:61,0
DA:64,17
DA:71,1
DA:72,17
DA:73,17
DA:80,1
DA:81,10
DA:82,4
DA:89,1
DA:90,17
DA:91,0
DA:92,17
DA:93,0
DA:94,17
DA:95,0
DA:96,17
DA:97,0
DA:105,1
DA:106,6
DA:107,6
DA:108,6
DA:109,6
DA:118,1
DA:119,5
DA:120,5
DA:121,5
DA:122,5
DA:123,5
DA:132,1
DA:133,5
DA:134,5
DA:135,5
DA:136,5
DA:137,5
DA:145,1
DA:146,1
DA:147,1
DA:148,1
DA:149,1
DA:158,1
DA:159,0
DA:160,0
DA:161,0
DA:162,0
DA:163,0
DA:171,1
DA:172,0
DA:173,0
DA:174,0
DA:180,1
DA:181,17
DA:182,17
DA:189,1
DA:190,17
DA:192,17
DA:193,0
DA:194,0
DA:195,0
DA:196,17
DA:203,1
DA:204,3
DA:206,3
DA:213,1
DA:214,5
DA:216,5
DA:217,0
DA:218,0
DA:225,1
DA:226,1
DA:228,1
DA:236,1
DA:237,0
DA:239,0
DA:241,0
DA:242,0
DA:243,0
DA:250,1
DA:251,0
DA:252,0
DA:253,0
DA:255,1
DA:257,1
DA:258,1
LF:101
LH:72
BRDA:8,0,0,0
BRDA:8,0,1,18
BRDA:9,1,0,0
BRDA:9,1,1,0
BRDA:60,2,0,0
BRDA:60,2,1,17
BRDA:81,3,0,4
BRDA:81,3,1,6
BRDA:90,4,0,0
BRDA:90,4,1,17
BRDA:92,5,0,0
BRDA:92,5,1,17
BRDA:94,6,0,0
BRDA:94,6,1,17
BRDA:96,7,0,0
BRDA:96,7,1,17
BRDA:192,8,0,0
BRDA:192,8,1,17
BRDA:192,9,0,17
BRDA:192,9,1,17
BRDA:206,10,0,0
BRDA:206,10,1,3
BRDA:206,11,0,3
BRDA:206,11,1,3
BRDA:216,12,0,0
BRDA:216,12,1,5
BRDA:216,13,0,5
BRDA:216,13,1,5
BRDA:217,14,0,0
BRDA:217,14,1,0
BRDA:217,15,0,0
BRDA:217,15,1,0
BRDA:228,16,0,0
BRDA:228,16,1,1
BRDA:228,17,0,1
BRDA:228,17,1,1
BRDA:228,18,0,0
BRDA:228,18,1,0
BRDA:228,19,0,0
BRDA:228,19,1,0
BRDA:239,20,0,0
BRDA:239,20,1,0
BRDA:239,21,0,0
BRDA:239,21,1,0
BRDA:241,22,0,0
BRDA:241,22,1,0
BRDA:241,23,0,0
BRDA:241,23,1,0
BRDA:241,24,0,0
BRDA:241,24,1,0
BRDA:251,25,0,0
BRDA:251,25,1,0
BRF:52
BRH:20
end_of_record
