TN:
SF:src/index.js
FN:4,(anonymous_0)
FN:5,F0
FN:21,(anonymous_2)
FN:34,(anonymous_3)
FN:49,(anonymous_4)
FN:57,(anonymous_5)
FN:65,(anonymous_6)
FN:77,(anonymous_7)
FN:86,(anonymous_8)
FN:95,(anonymous_9)
FN:111,(anonymous_10)
FN:124,(anonymous_11)
FN:138,(anonymous_12)
FN:151,(anonymous_13)
FN:164,(anonymous_14)
FN:177,(anonymous_15)
FN:186,(anonymous_16)
FN:195,(anonymous_17)
FN:198,(anonymous_18)
FN:201,(anonymous_19)
FN:209,(anonymous_20)
FN:212,(anonymous_21)
FN:212,(anonymous_22)
FN:219,(anonymous_23)
FN:222,(anonymous_24)
FN:224,(anonymous_25)
FN:224,(anonymous_26)
FN:224,(anonymous_27)
FN:231,(anonymous_28)
FN:234,(anonymous_29)
FN:234,(anonymous_30)
FN:242,(anonymous_31)
FN:245,(anonymous_32)
FN:256,(anonymous_33)
FNF:34
FNH:18
FNDA:1,(anonymous_0)
FNDA:18,F0
FNDA:18,(anonymous_2)
FNDA:18,(anonymous_3)
FNDA:18,(anonymous_4)
FNDA:0,(anonymous_5)
FNDA:17,(anonymous_6)
FNDA:17,(anonymous_7)
FNDA:10,(anonymous_8)
FNDA:17,(anonymous_9)
FNDA:6,(anonymous_10)
FNDA:5,(anonymous_11)
FNDA:5,(anonymous_12)
FNDA:1,(anonymous_13)
FNDA:0,(anonymous_14)
FNDA:0,(anonymous_15)
FNDA:17,(anonymous_16)
FNDA:17,(anonymous_17)
FNDA:0,(anonymous_18)
FNDA:0,(anonymous_19)
FNDA:3,(anonymous_20)
FNDA:0,(anonymous_21)
FNDA:0,(anonymous_22)
FNDA:5,(anonymous_23)
FNDA:0,(anonymous_24)
FNDA:0,(anonymous_25)
FNDA:0,(anonymous_26)
FNDA:0,(anonymous_27)
FNDA:1,(anonymous_28)
FNDA:0,(anonymous_29)
FNDA:0,(anonymous_30)
FNDA:0,(anonymous_31)
FNDA:0,(anonymous_32)
FNDA:0,(anonymous_33)
DA:3,1
DA:4,1
DA:6,18
DA:7,0
DA:8,0
DA:9,0
DA:12,18
DA:14,18
DA:21,1
DA:22,18
DA:34,1
DA:35,18
DA:49,1
DA:50,18
DA:57,1
DA:58,0
DA:65,1
DA:66,17
DA:67,0
DA:70,17
DA:77,1
DA:78,17
DA:79,17
DA:86,1
DA:87,10
DA:88,4
DA:95,1
DA:96,17
DA:97,0
DA:98,17
DA:99,0
DA:100,17
DA:101,0
DA:102,17
DA:103,0
DA:111,1
DA:112,6
DA:113,6
DA:114,6
DA:115,6
DA:124,1
DA:125,5
DA:126,5
DA:127,5
DA:128,5
DA:129,5
DA:138,1
DA:139,5
DA:140,5
DA:141,5
DA:142,5
DA:143,5
DA:151,1
DA:152,1
DA:153,1
DA:154,1
DA:155,1
DA:164,1
DA:165,0
DA:166,0
DA:167,0
DA:168,0
DA:169,0
DA:177,1
DA:178,0
DA:179,0
DA:180,0
DA:186,1
DA:187,17
DA:188,17
DA:195,1
DA:196,17
DA:198,17
DA:199,0
DA:200,0
DA:201,0
DA:202,17
DA:209,1
DA:210,3
DA:212,3
DA:219,1
DA:220,5
DA:222,5
DA:223,0
DA:224,0
DA:231,1
DA:232,1
DA:234,1
DA:242,1
DA:243,0
DA:245,0
DA:247,0
DA:248,0
DA:249,0
DA:256,1
DA:257,0
DA:258,0
DA:259,0
DA:261,1
DA:263,1
LF:100
LH:70
BRDA:6,0,0,0
BRDA:6,0,1,18
BRDA:7,1,0,0
BRDA:7,1,1,0
BRDA:66,2,0,0
BRDA:66,2,1,17
BRDA:87,3,0,4
BRDA:87,3,1,6
BRDA:96,4,0,0
BRDA:96,4,1,17
BRDA:98,5,0,0
BRDA:98,5,1,17
BRDA:100,6,0,0
BRDA:100,6,1,17
BRDA:102,7,0,0
BRDA:102,7,1,17
BRDA:198,8,0,0
BRDA:198,8,1,17
BRDA:198,9,0,17
BRDA:198,9,1,17
BRDA:212,10,0,0
BRDA:212,10,1,3
BRDA:212,11,0,3
BRDA:212,11,1,3
BRDA:222,12,0,0
BRDA:222,12,1,5
BRDA:222,13,0,5
BRDA:222,13,1,5
BRDA:223,14,0,0
BRDA:223,14,1,0
BRDA:223,15,0,0
BRDA:223,15,1,0
BRDA:234,16,0,0
BRDA:234,16,1,1
BRDA:234,17,0,1
BRDA:234,17,1,1
BRDA:234,18,0,0
BRDA:234,18,1,0
BRDA:234,19,0,0
BRDA:234,19,1,0
BRDA:245,20,0,0
BRDA:245,20,1,0
BRDA:245,21,0,0
BRDA:245,21,1,0
BRDA:247,22,0,0
BRDA:247,22,1,0
BRDA:247,23,0,0
BRDA:247,23,1,0
BRDA:247,24,0,0
BRDA:247,24,1,0
BRDA:257,25,0,0
BRDA:257,25,1,0
BRF:52
BRH:20
end_of_record
